# JRE version: Java(TM) SE Runtime Environment (8.0_202-b08) (build 1.8.0_202-b08)
# Java VM: Java HotSpot(TM) 64-Bit Server VM (25.202-b08 mixed mode windows-amd64 compressed oops)
Heap:
 PSYoungGen      total 75776K, used 2204K [0x000000076b700000, 0x0000000770b80000, 0x00000007c0000000)
  eden space 65024K, 3% used [0x000000076b700000,0x000000076b927100,0x000000076f680000)
  from space 10752K, 0% used [0x000000076f680000,0x000000076f680000,0x0000000770100000)
  to   space 10752K, 0% used [0x0000000770100000,0x0000000770100000,0x0000000770b80000)
 ParOldGen       total 83456K, used 11349K [0x00000006c2400000, 0x00000006c7580000, 0x000000076b700000)
  object space 83456K, 13% used [0x00000006c2400000,0x00000006c2f15650,0x00000006c7580000)
 Metaspace       used 20566K, capacity 21348K, committed 21552K, reserved 1069056K
  class space    used 2678K, capacity 2864K, committed 2864K, reserved 1048576K
GC Heap History (8 events):
Event: 1.800 GC heap before
{Heap before GC invocations=1 (full 0):
 PSYoungGen      total 75776K, used 65024K [0x000000076b700000, 0x0000000770b80000, 0x00000007c0000000)
  eden space 65024K, 100% used [0x000000076b700000,0x000000076f680000,0x000000076f680000)
  from space 10752K, 0% used [0x0000000770100000,0x0000000770100000,0x0000000770b80000)
  to   space 10752K, 0% used [0x000000076f680000,0x000000076f680000,0x0000000770100000)
 ParOldGen       total 173568K, used 0K [0x00000006c2400000, 0x00000006ccd80000, 0x000000076b700000)
  object space 173568K, 0% used [0x00000006c2400000,0x00000006c2400000,0x00000006ccd80000)
 Metaspace       used 16888K, capacity 17372K, committed 17536K, reserved 1064960K
  class space    used 2217K, capacity 2360K, committed 2432K, reserved 1048576K
Event: 1.807 GC heap after
Heap after GC invocations=1 (full 0):
 PSYoungGen      total 75776K, used 9015K [0x000000076b700000, 0x0000000770b80000, 0x00000007c0000000)
  eden space 65024K, 0% used [0x000000076b700000,0x000000076b700000,0x000000076f680000)
  from space 10752K, 83% used [0x000000076f680000,0x000000076ff4dfb8,0x0000000770100000)
  to   space 10752K, 0% used [0x0000000770100000,0x0000000770100000,0x0000000770b80000)
 ParOldGen       total 173568K, used 24K [0x00000006c2400000, 0x00000006ccd80000, 0x000000076b700000)
  object space 173568K, 0% used [0x00000006c2400000,0x00000006c2406000,0x00000006ccd80000)
 Metaspace       used 16888K, capacity 17372K, committed 17536K, reserved 1064960K
  class space    used 2217K, capacity 2360K, committed 2432K, reserved 1048576K
}
Event: 29.230 GC heap before
{Heap before GC invocations=2 (full 0):
 PSYoungGen      total 75776K, used 74039K [0x000000076b700000, 0x0000000770b80000, 0x00000007c0000000)
  eden space 65024K, 100% used [0x000000076b700000,0x000000076f680000,0x000000076f680000)
  from space 10752K, 83% used [0x000000076f680000,0x000000076ff4dfb8,0x0000000770100000)
  to   space 10752K, 0% used [0x0000000770100000,0x0000000770100000,0x0000000770b80000)
 ParOldGen       total 173568K, used 24K [0x00000006c2400000, 0x00000006ccd80000, 0x000000076b700000)
  object space 173568K, 0% used [0x00000006c2400000,0x00000006c2406000,0x00000006ccd80000)
 Metaspace       used 19470K, capacity 20206K, committed 20480K, reserved 1067008K
  class space    used 2512K, capacity 2709K, committed 2816K, reserved 1048576K
Event: 29.236 GC heap after
Heap after GC invocations=2 (full 0):
 PSYoungGen      total 75776K, used 10740K [0x000000076b700000, 0x0000000770b80000, 0x00000007c0000000)
  eden space 65024K, 0% used [0x000000076b700000,0x000000076b700000,0x000000076f680000)
  from space 10752K, 99% used [0x0000000770100000,0x0000000770b7d310,0x0000000770b80000)
  to   space 10752K, 0% used [0x000000076f680000,0x000000076f680000,0x0000000770100000)
 ParOldGen       total 173568K, used 1677K [0x00000006c2400000, 0x00000006ccd80000, 0x000000076b700000)
  object space 173568K, 0% used [0x00000006c2400000,0x00000006c25a3450,0x00000006ccd80000)
 Metaspace       used 19470K, capacity 20206K, committed 20480K, reserved 1067008K
  class space    used 2512K, capacity 2709K, committed 2816K, reserved 1048576K
}
Event: 39.289 GC heap before
{Heap before GC invocations=3 (full 0):
 PSYoungGen      total 75776K, used 32987K [0x000000076b700000, 0x0000000770b80000, 0x00000007c0000000)
  eden space 65024K, 34% used [0x000000076b700000,0x000000076ccb9ab0,0x000000076f680000)
  from space 10752K, 99% used [0x0000000770100000,0x0000000770b7d310,0x0000000770b80000)
  to   space 10752K, 0% used [0x000000076f680000,0x000000076f680000,0x0000000770100000)
 ParOldGen       total 173568K, used 1677K [0x00000006c2400000, 0x00000006ccd80000, 0x000000076b700000)
  object space 173568K, 0% used [0x00000006c2400000,0x00000006c25a3450,0x00000006ccd80000)
 Metaspace       used 20547K, capacity 21284K, committed 21296K, reserved 1067008K
  class space    used 2677K, capacity 2864K, committed 2864K, reserved 1048576K
Event: 39.307 GC heap after
Heap after GC invocations=3 (full 0):
 PSYoungGen      total 75776K, used 10004K [0x000000076b700000, 0x0000000770b80000, 0x00000007c0000000)
  eden space 65024K, 0% used [0x000000076b700000,0x000000076b700000,0x000000076f680000)
  from space 10752K, 93% used [0x000000076f680000,0x00000007700452e0,0x0000000770100000)
  to   space 10752K, 0% used [0x0000000770100000,0x0000000770100000,0x0000000770b80000)
 ParOldGen       total 173568K, used 7751K [0x00000006c2400000, 0x00000006ccd80000, 0x000000076b700000)
  object space 173568K, 4% used [0x00000006c2400000,0x00000006c2b91f00,0x00000006ccd80000)
 Metaspace       used 20547K, capacity 21284K, committed 21296K, reserved 1067008K
  class space    used 2677K, capacity 2864K, committed 2864K, reserved 1048576K
}
Event: 39.307 GC heap before
{Heap before GC invocations=4 (full 1):
 PSYoungGen      total 75776K, used 10004K [0x000000076b700000, 0x0000000770b80000, 0x00000007c0000000)
  eden space 65024K, 0% used [0x000000076b700000,0x000000076b700000,0x000000076f680000)
  from space 10752K, 93% used [0x000000076f680000,0x00000007700452e0,0x0000000770100000)
  to   space 10752K, 0% used [0x0000000770100000,0x0000000770100000,0x0000000770b80000)
 ParOldGen       total 173568K, used 7751K [0x00000006c2400000, 0x00000006ccd80000, 0x000000076b700000)
  object space 173568K, 4% used [0x00000006c2400000,0x00000006c2b91f00,0x00000006ccd80000)
 Metaspace       used 20547K, capacity 21284K, committed 21296K, reserved 1067008K
  class space    used 2677K, capacity 2864K, committed 2864K, reserved 1048576K
Event: 39.381 GC heap after
Heap after GC invocations=4 (full 1):
 PSYoungGen      total 75776K, used 0K [0x000000076b700000, 0x0000000770b80000, 0x00000007c0000000)
  eden space 65024K, 0% used [0x000000076b700000,0x000000076b700000,0x000000076f680000)
  from space 10752K, 0% used [0x000000076f680000,0x000000076f680000,0x0000000770100000)
  to   space 10752K, 0% used [0x0000000770100000,0x0000000770100000,0x0000000770b80000)
 ParOldGen       total 83456K, used 11349K [0x00000006c2400000, 0x00000006c7580000, 0x000000076b700000)
  object space 83456K, 13% used [0x00000006c2400000,0x00000006c2f15650,0x00000006c7580000)
 Metaspace       used 20547K, capacity 21284K, committed 21296K, reserved 1067008K
  class space    used 2677K, capacity 2864K, committed 2864K, reserved 1048576K
}

