# JRE version: Java(TM) SE Runtime Environment (8.0_202-b08) (build 1.8.0_202-b08)
# Java VM: Java HotSpot(TM) 64-Bit Server VM (25.202-b08 mixed mode windows-amd64 compressed oops)
Heap:
 PSYoungGen      total 75776K, used 43663K [0x000000076b700000, 0x0000000770b80000, 0x00000007c0000000)
  eden space 65024K, 67% used [0x000000076b700000,0x000000076e1a3e40,0x000000076f680000)
  from space 10752K, 0% used [0x0000000770100000,0x0000000770100000,0x0000000770b80000)
  to   space 10752K, 0% used [0x000000076f680000,0x000000076f680000,0x0000000770100000)
 ParOldGen       total 83968K, used 10700K [0x00000006c2400000, 0x00000006c7600000, 0x000000076b700000)
  object space 83968K, 12% used [0x00000006c2400000,0x00000006c2e73190,0x00000006c7600000)
 Metaspace       used 21884K, capacity 22724K, committed 22784K, reserved 1069056K
  class space    used 2852K, capacity 3060K, committed 3072K, reserved 1048576K
GC Heap History (6 events):
Event: 0.968 GC heap before
{Heap before GC invocations=1 (full 0):
 PSYoungGen      total 75776K, used 65024K [0x000000076b700000, 0x0000000770b80000, 0x00000007c0000000)
  eden space 65024K, 100% used [0x000000076b700000,0x000000076f680000,0x000000076f680000)
  from space 10752K, 0% used [0x0000000770100000,0x0000000770100000,0x0000000770b80000)
  to   space 10752K, 0% used [0x000000076f680000,0x000000076f680000,0x0000000770100000)
 ParOldGen       total 173568K, used 0K [0x00000006c2400000, 0x00000006ccd80000, 0x000000076b700000)
  object space 173568K, 0% used [0x00000006c2400000,0x00000006c2400000,0x00000006ccd80000)
 Metaspace       used 16921K, capacity 17384K, committed 17536K, reserved 1064960K
  class space    used 2219K, capacity 2360K, committed 2432K, reserved 1048576K
Event: 0.973 GC heap after
Heap after GC invocations=1 (full 0):
 PSYoungGen      total 75776K, used 9091K [0x000000076b700000, 0x0000000770b80000, 0x00000007c0000000)
  eden space 65024K, 0% used [0x000000076b700000,0x000000076b700000,0x000000076f680000)
  from space 10752K, 84% used [0x000000076f680000,0x000000076ff60d58,0x0000000770100000)
  to   space 10752K, 0% used [0x0000000770100000,0x0000000770100000,0x0000000770b80000)
 ParOldGen       total 173568K, used 24K [0x00000006c2400000, 0x00000006ccd80000, 0x000000076b700000)
  object space 173568K, 0% used [0x00000006c2400000,0x00000006c2406000,0x00000006ccd80000)
 Metaspace       used 16921K, capacity 17384K, committed 17536K, reserved 1064960K
  class space    used 2219K, capacity 2360K, committed 2432K, reserved 1048576K
}
Event: 37.895 GC heap before
{Heap before GC invocations=2 (full 0):
 PSYoungGen      total 75776K, used 43600K [0x000000076b700000, 0x0000000770b80000, 0x00000007c0000000)
  eden space 65024K, 53% used [0x000000076b700000,0x000000076d8b3610,0x000000076f680000)
  from space 10752K, 84% used [0x000000076f680000,0x000000076ff60d58,0x0000000770100000)
  to   space 10752K, 0% used [0x0000000770100000,0x0000000770100000,0x0000000770b80000)
 ParOldGen       total 173568K, used 24K [0x00000006c2400000, 0x00000006ccd80000, 0x000000076b700000)
  object space 173568K, 0% used [0x00000006c2400000,0x00000006c2406000,0x00000006ccd80000)
 Metaspace       used 20642K, capacity 21176K, committed 21296K, reserved 1067008K
  class space    used 2713K, capacity 2862K, committed 2944K, reserved 1048576K
Event: 37.903 GC heap after
Heap after GC invocations=2 (full 0):
 PSYoungGen      total 75776K, used 10741K [0x000000076b700000, 0x0000000770b80000, 0x00000007c0000000)
  eden space 65024K, 0% used [0x000000076b700000,0x000000076b700000,0x000000076f680000)
  from space 10752K, 99% used [0x0000000770100000,0x0000000770b7d480,0x0000000770b80000)
  to   space 10752K, 0% used [0x000000076f680000,0x000000076f680000,0x0000000770100000)
 ParOldGen       total 173568K, used 6261K [0x00000006c2400000, 0x00000006ccd80000, 0x000000076b700000)
  object space 173568K, 3% used [0x00000006c2400000,0x00000006c2a1d608,0x00000006ccd80000)
 Metaspace       used 20642K, capacity 21176K, committed 21296K, reserved 1067008K
  class space    used 2713K, capacity 2862K, committed 2944K, reserved 1048576K
}
Event: 37.903 GC heap before
{Heap before GC invocations=3 (full 1):
 PSYoungGen      total 75776K, used 10741K [0x000000076b700000, 0x0000000770b80000, 0x00000007c0000000)
  eden space 65024K, 0% used [0x000000076b700000,0x000000076b700000,0x000000076f680000)
  from space 10752K, 99% used [0x0000000770100000,0x0000000770b7d480,0x0000000770b80000)
  to   space 10752K, 0% used [0x000000076f680000,0x000000076f680000,0x0000000770100000)
 ParOldGen       total 173568K, used 6261K [0x00000006c2400000, 0x00000006ccd80000, 0x000000076b700000)
  object space 173568K, 3% used [0x00000006c2400000,0x00000006c2a1d608,0x00000006ccd80000)
 Metaspace       used 20642K, capacity 21176K, committed 21296K, reserved 1067008K
  class space    used 2713K, capacity 2862K, committed 2944K, reserved 1048576K
Event: 37.925 GC heap after
Heap after GC invocations=3 (full 1):
 PSYoungGen      total 75776K, used 0K [0x000000076b700000, 0x0000000770b80000, 0x00000007c0000000)
  eden space 65024K, 0% used [0x000000076b700000,0x000000076b700000,0x000000076f680000)
  from space 10752K, 0% used [0x0000000770100000,0x0000000770100000,0x0000000770b80000)
  to   space 10752K, 0% used [0x000000076f680000,0x000000076f680000,0x0000000770100000)
 ParOldGen       total 83968K, used 10700K [0x00000006c2400000, 0x00000006c7600000, 0x000000076b700000)
  object space 83968K, 12% used [0x00000006c2400000,0x00000006c2e73190,0x00000006c7600000)
 Metaspace       used 20642K, capacity 21176K, committed 21296K, reserved 1067008K
  class space    used 2713K, capacity 2862K, committed 2944K, reserved 1048576K
}

